{"/home/fadnesscharlie/coding/codeChallenge/hackerRank/easy/lonelyInteger/lonelyInteger.js": {"path":"/home/fadnesscharlie/coding/codeChallenge/hackerRank/easy/lonelyInteger/lonelyInteger.js","statementMap":{"0":{"start":{"line":3,"column":15},"end":{"line":3,"column":17}},"1":{"start":{"line":5,"column":4},"end":{"line":14,"column":6}},"2":{"start":{"line":6,"column":18},"end":{"line":6,"column":36}},"3":{"start":{"line":8,"column":6},"end":{"line":12,"column":7}},"4":{"start":{"line":9,"column":8},"end":{"line":9,"column":23}},"5":{"start":{"line":11,"column":8},"end":{"line":11,"column":31}},"6":{"start":{"line":16,"column":2},"end":{"line":16,"column":15}},"7":{"start":{"line":19,"column":18},"end":{"line":19,"column":39}},"8":{"start":{"line":21,"column":0},"end":{"line":21,"column":39}},"9":{"start":{"line":23,"column":0},"end":{"line":23,"column":30}}},"fnMap":{"0":{"name":"lonelyinteger","decl":{"start":{"line":2,"column":9},"end":{"line":2,"column":22}},"loc":{"start":{"line":2,"column":26},"end":{"line":17,"column":1}},"line":2},"1":{"name":"(anonymous_1)","decl":{"start":{"line":5,"column":10},"end":{"line":5,"column":11}},"loc":{"start":{"line":5,"column":16},"end":{"line":14,"column":5}},"line":5}},"branchMap":{"0":{"loc":{"start":{"line":8,"column":6},"end":{"line":12,"column":7}},"type":"if","locations":[{"start":{"line":8,"column":6},"end":{"line":12,"column":7}},{"start":{"line":10,"column":13},"end":{"line":12,"column":7}}],"line":8}},"s":{"0":3,"1":3,"2":31,"3":31,"4":18,"5":13,"6":3,"7":1,"8":1,"9":1},"f":{"0":3,"1":31},"b":{"0":[18,13]},"_coverageSchema":"1a1c01bbd47fc00a2c39e90264f33305004495a9","hash":"55415d44abf20bca9759f66c57c93e8b3eeeeee9"}
,"/home/fadnesscharlie/coding/codeChallenge/hackerRank/easy/ransomNote/ransomNote.js": {"path":"/home/fadnesscharlie/coding/codeChallenge/hackerRank/easy/ransomNote/ransomNote.js","statementMap":{"0":{"start":{"line":1,"column":19},"end":{"line":10,"column":1}},"1":{"start":{"line":2,"column":14},"end":{"line":2,"column":32}},"2":{"start":{"line":3,"column":2},"end":{"line":8,"column":1}},"3":{"start":{"line":4,"column":17},"end":{"line":4,"column":34}},"4":{"start":{"line":5,"column":2},"end":{"line":5,"column":34}},"5":{"start":{"line":5,"column":22},"end":{"line":5,"column":34}},"6":{"start":{"line":6,"column":2},"end":{"line":6,"column":22}},"7":{"start":{"line":9,"column":1},"end":{"line":9,"column":12}},"8":{"start":{"line":13,"column":0},"end":{"line":13,"column":57}},"9":{"start":{"line":15,"column":0},"end":{"line":15,"column":30}}},"fnMap":{"0":{"name":"(anonymous_0)","decl":{"start":{"line":1,"column":19},"end":{"line":1,"column":20}},"loc":{"start":{"line":1,"column":51},"end":{"line":10,"column":1}},"line":1}},"branchMap":{"0":{"loc":{"start":{"line":5,"column":2},"end":{"line":5,"column":34}},"type":"if","locations":[{"start":{"line":5,"column":2},"end":{"line":5,"column":34}},{"start":{},"end":{}}],"line":5}},"s":{"0":1,"1":3,"2":3,"3":11,"4":11,"5":1,"6":10,"7":2,"8":1,"9":1},"f":{"0":3},"b":{"0":[1,10]},"_coverageSchema":"1a1c01bbd47fc00a2c39e90264f33305004495a9","hash":"c9ba94d9fe673985eb6b9173f9d54122282fb34f"}
}
