<?xml version="1.0" encoding="UTF-8"?>
<coverage generated="1657950615310" clover="3.2.0">
  <project timestamp="1657950615310" name="All files">
    <metrics statements="25" coveredstatements="25" conditionals="8" coveredconditionals="7" methods="1" coveredmethods="1" elements="34" coveredelements="33" complexity="0" loc="25" ncloc="25" packages="1" files="1" classes="1"/>
    <file name="3sum.js" path="/home/fadnesscharlie/coding/codeChallenge/hackerRank/medium/3sum/3sum.js">
      <metrics statements="25" coveredstatements="25" conditionals="8" coveredconditionals="7" methods="1" coveredmethods="1"/>
      <line num="2" count="1" type="stmt"/>
      <line num="3" count="7" type="stmt"/>
      <line num="4" count="7" type="cond" truecount="1" falsecount="1"/>
      <line num="9" count="7" type="cond" truecount="4" falsecount="0"/>
      <line num="10" count="2" type="stmt"/>
      <line num="11" count="2" type="stmt"/>
      <line num="12" count="2" type="stmt"/>
      <line num="13" count="2" type="stmt"/>
      <line num="20" count="5" type="stmt"/>
      <line num="21" count="20" type="stmt"/>
      <line num="22" count="20" type="stmt"/>
      <line num="23" count="74" type="stmt"/>
      <line num="24" count="74" type="stmt"/>
      <line num="25" count="252" type="stmt"/>
      <line num="26" count="252" type="cond" truecount="2" falsecount="0"/>
      <line num="27" count="26" type="stmt"/>
      <line num="28" count="26" type="stmt"/>
      <line num="34" count="5" type="stmt"/>
      <line num="37" count="1" type="stmt"/>
      <line num="38" count="1" type="stmt"/>
      <line num="39" count="1" type="stmt"/>
      <line num="41" count="1" type="stmt"/>
      <line num="42" count="1" type="stmt"/>
      <line num="43" count="1" type="stmt"/>
      <line num="45" count="1" type="stmt"/>
    </file>
  </project>
</coverage>
