{"/home/fadnesscharlie/coding/codeChallenge/hackerRank/medium/3sum/3sum.js": {"path":"/home/fadnesscharlie/coding/codeChallenge/hackerRank/medium/3sum/3sum.js","statementMap":{"0":{"start":{"line":2,"column":15},"end":{"line":35,"column":1}},"1":{"start":{"line":3,"column":15},"end":{"line":3,"column":17}},"2":{"start":{"line":4,"column":2},"end":{"line":4,"column":33}},"3":{"start":{"line":4,"column":23},"end":{"line":4,"column":33}},"4":{"start":{"line":9,"column":2},"end":{"line":14,"column":3}},"5":{"start":{"line":10,"column":4},"end":{"line":10,"column":23}},"6":{"start":{"line":11,"column":4},"end":{"line":11,"column":23}},"7":{"start":{"line":12,"column":4},"end":{"line":12,"column":23}},"8":{"start":{"line":13,"column":4},"end":{"line":13,"column":18}},"9":{"start":{"line":20,"column":2},"end":{"line":32,"column":3}},"10":{"start":{"line":20,"column":14},"end":{"line":20,"column":15}},"11":{"start":{"line":21,"column":12},"end":{"line":21,"column":19}},"12":{"start":{"line":22,"column":4},"end":{"line":31,"column":5}},"13":{"start":{"line":22,"column":15},"end":{"line":22,"column":16}},"14":{"start":{"line":23,"column":14},"end":{"line":23,"column":21}},"15":{"start":{"line":24,"column":6},"end":{"line":30,"column":7}},"16":{"start":{"line":24,"column":18},"end":{"line":24,"column":19}},"17":{"start":{"line":25,"column":16},"end":{"line":25,"column":23}},"18":{"start":{"line":26,"column":8},"end":{"line":29,"column":9}},"19":{"start":{"line":27,"column":10},"end":{"line":27,"column":42}},"20":{"start":{"line":28,"column":10},"end":{"line":28,"column":32}},"21":{"start":{"line":34,"column":2},"end":{"line":34,"column":15}},"22":{"start":{"line":37,"column":13},"end":{"line":37,"column":29}},"23":{"start":{"line":38,"column":13},"end":{"line":38,"column":22}},"24":{"start":{"line":39,"column":13},"end":{"line":39,"column":20}},"25":{"start":{"line":41,"column":0},"end":{"line":41,"column":46}},"26":{"start":{"line":42,"column":0},"end":{"line":42,"column":46}},"27":{"start":{"line":43,"column":0},"end":{"line":43,"column":46}},"28":{"start":{"line":45,"column":0},"end":{"line":45,"column":26}}},"fnMap":{"0":{"name":"(anonymous_0)","decl":{"start":{"line":2,"column":15},"end":{"line":2,"column":16}},"loc":{"start":{"line":2,"column":30},"end":{"line":35,"column":1}},"line":2}},"branchMap":{"0":{"loc":{"start":{"line":4,"column":2},"end":{"line":4,"column":33}},"type":"if","locations":[{"start":{"line":4,"column":2},"end":{"line":4,"column":33}},{"start":{},"end":{}}],"line":4},"1":{"loc":{"start":{"line":9,"column":2},"end":{"line":14,"column":3}},"type":"if","locations":[{"start":{"line":9,"column":2},"end":{"line":14,"column":3}},{"start":{},"end":{}}],"line":9},"2":{"loc":{"start":{"line":9,"column":6},"end":{"line":9,"column":64}},"type":"binary-expr","locations":[{"start":{"line":9,"column":7},"end":{"line":9,"column":24}},{"start":{"line":9,"column":30},"end":{"line":9,"column":63}}],"line":9},"3":{"loc":{"start":{"line":26,"column":8},"end":{"line":29,"column":9}},"type":"if","locations":[{"start":{"line":26,"column":8},"end":{"line":29,"column":9}},{"start":{},"end":{}}],"line":26}},"s":{"0":1,"1":7,"2":7,"3":0,"4":7,"5":2,"6":2,"7":2,"8":2,"9":5,"10":5,"11":20,"12":20,"13":20,"14":74,"15":74,"16":74,"17":252,"18":252,"19":26,"20":26,"21":5,"22":1,"23":1,"24":1,"25":1,"26":1,"27":1,"28":1},"f":{"0":7},"b":{"0":[0,7],"1":[2,5],"2":[7,4],"3":[26,226]},"_coverageSchema":"1a1c01bbd47fc00a2c39e90264f33305004495a9","hash":"33899711be9bcc8fb39e69ef404f83e7e6f5bcb2"}
}
